***Initcializacija..
***Ocenjujem primerno omejitev dimenzij relacijskih matrik
	# svmem(total=16713523200, available=12865589248, percent=23.0, used=9350520832, free=7363002368, active=6782197760, inactive=2162323456, buffers=92545024, cached=5410041856)
***Povezovanje na podatkovno bazo...
***Pridobivanje podatkov o podatkovnih tipih stolpcev...
	#Nalagam seznam tabel...
	..konec
	#Nalagam seznam tujih kljucev..
	..konec
	#Nalagam seznam primarnih kljucev..
	..konec
	#Nalagam seznam objektnih tipov...
	..konec
	#Nalagam seznam relacijskih matrik...
	..konec
	#Nalagam seznam omejitvenih matrik...
	..konec
***Ocenjevanje zahtevnosti problema...
	#COMPLEX:  107
***Iskanje tabel, z najmanj 2 tujima kljucema...
***Izbor stolpcev primernih za zlivanje..
***Preverjam stevilo alternativnih relacijskih matrik za relacije..
***Zlivanje podatkov..
	#Pripravljam grafe za zlivanje..
			 ( 1 / 16 )
			 ( 2 / 16 )
			 ( 3 / 16 )
			 ( 4 / 16 )
			 ( 5 / 16 )
			 ( 6 / 16 )
			 ( 7 / 16 )
			 ( 8 / 16 )
			 ( 9 / 16 )
			 ( 10 / 16 )
			 ( 11 / 16 )
			 ( 12 / 16 )
			 ( 13 / 16 )
			 ( 14 / 16 )
			 ( 15 / 16 )
			 ( 16 / 16 )
	#Zlivanje grafov oz. preslikava v latentni prostor..
			 ( 1 / 16 )
			 ( 2 / 16 )
			 ( 3 / 16 )
			 ( 4 / 16 )
			 ( 5 / 16 )
			 ( 6 / 16 )
			 ( 7 / 16 )
			 ( 8 / 16 )
			 ( 9 / 16 )
			 ( 10 / 16 )
			 ( 11 / 16 )
			 ( 12 / 16 )
			 ( 13 / 16 )
			 ( 14 / 16 )
			 ( 15 / 16 )
			 ( 16 / 16 )
***Konec zlivanja!!
***Pripravljam rangiran seznam relacij..
	! V matriki se nahajajo NaN vrednosti!!
	! V matriki se nahajajo NaN vrednosti!!
	! V matriki se nahajajo NaN vrednosti!!
	! V matriki se nahajajo NaN vrednosti!!
	! V matriki se nahajajo NaN vrednosti!!
	! V matriki se nahajajo NaN vrednosti!!
	! V matriki se nahajajo NaN vrednosti!!
	! V matriki se nahajajo NaN vrednosti!!
	! V matriki se nahajajo NaN vrednosti!!
	! V matriki se nahajajo NaN vrednosti!!
	! V matriki se nahajajo NaN vrednosti!!
	! V matriki se nahajajo NaN vrednosti!!
	! V matriki se nahajajo NaN vrednosti!!
	! V matriki se nahajajo NaN vrednosti!!
	! V matriki se nahajajo NaN vrednosti!!
	! V matriki se nahajajo NaN vrednosti!!
	! V matriki se nahajajo NaN vrednosti!!
	! V matriki se nahajajo NaN vrednosti!!
	! V matriki se nahajajo NaN vrednosti!!
	! V matriki se nahajajo NaN vrednosti!!
	! V matriki se nahajajo NaN vrednosti!!
	! V matriki se nahajajo NaN vrednosti!!
	! V matriki se nahajajo NaN vrednosti!!
	! V matriki se nahajajo NaN vrednosti!!
	! V matriki se nahajajo NaN vrednosti!!
	! V matriki se nahajajo NaN vrednosti!!
	! V matriki se nahajajo NaN vrednosti!!
	! V matriki se nahajajo NaN vrednosti!!
	! V matriki se nahajajo NaN vrednosti!!
	! V matriki se nahajajo NaN vrednosti!!
	! V matriki se nahajajo NaN vrednosti!!
	! V matriki se nahajajo NaN vrednosti!!
	! V matriki se nahajajo NaN vrednosti!!
	! V matriki se nahajajo NaN vrednosti!!
	! V matriki se nahajajo NaN vrednosti!!
	! V matriki se nahajajo NaN vrednosti!!
	! V matriki se nahajajo NaN vrednosti!!
	! V matriki se nahajajo NaN vrednosti!!
	! V matriki se nahajajo NaN vrednosti!!
	! V matriki se nahajajo NaN vrednosti!!
	! V matriki se nahajajo NaN vrednosti!!
	! V matriki se nahajajo NaN vrednosti!!
	! V matriki se nahajajo NaN vrednosti!!
	! V matriki se nahajajo NaN vrednosti!!
	! V matriki se nahajajo NaN vrednosti!!
	! V matriki se nahajajo NaN vrednosti!!
	! V matriki se nahajajo NaN vrednosti!!
	! V matriki se nahajajo NaN vrednosti!!
	! V matriki se nahajajo NaN vrednosti!!
	! V matriki se nahajajo NaN vrednosti!!
	! V matriki se nahajajo NaN vrednosti!!
	! V matriki se nahajajo NaN vrednosti!!
	! V matriki se nahajajo NaN vrednosti!!
	! V matriki se nahajajo NaN vrednosti!!
	! V matriki se nahajajo NaN vrednosti!!
	! V matriki se nahajajo NaN vrednosti!!
	! V matriki se nahajajo NaN vrednosti!!
	! V matriki se nahajajo NaN vrednosti!!
	! V matriki se nahajajo NaN vrednosti!!
	! V matriki se nahajajo NaN vrednosti!!
	! V matriki se nahajajo NaN vrednosti!!
	! V matriki se nahajajo NaN vrednosti!!
	! V matriki se nahajajo NaN vrednosti!!
	! V matriki se nahajajo NaN vrednosti!!
	! V matriki se nahajajo NaN vrednosti!!
	! V matriki se nahajajo NaN vrednosti!!
	! V matriki se nahajajo NaN vrednosti!!
	! V matriki se nahajajo NaN vrednosti!!
	! V matriki se nahajajo NaN vrednosti!!
	! V matriki se nahajajo NaN vrednosti!!
	! V matriki se nahajajo NaN vrednosti!!
	! V matriki se nahajajo NaN vrednosti!!
	! V matriki se nahajajo NaN vrednosti!!
	! V matriki se nahajajo NaN vrednosti!!
	! V matriki se nahajajo NaN vrednosti!!
	! V matriki se nahajajo NaN vrednosti!!
	! V matriki se nahajajo NaN vrednosti!!
	! V matriki se nahajajo NaN vrednosti!!
	! V matriki se nahajajo NaN vrednosti!!
	! V matriki se nahajajo NaN vrednosti!!





RANGIRAN SEZNAM RELACIJ:

    1. model znamka	(3193)

    2. drzava drzava	(2975886)

    3. drzava model	(3620360)

    4. lastnistvo stranka	(9999999999)

    5. lastnistvo avtomobil	(9999999999)

    6. avtomobil drzava	(9999999999)

    7. avtomobil stranka	(9999999999)

    8. avtomobil model	(9999999999)

